<?xml version="1.0" encoding="UTF-8"?>
<testsuite name="BlockchainTest" tests="1" skipped="0" failures="0" errors="0" timestamp="2022-10-18T16:12:39" hostname="DESKTOP-5U6L102" time="20.505">
  <properties/>
  <testcase name="start" classname="BlockchainTest" time="20.505"/>
  <system-out><![CDATA[?[1;31m
Start test 1?[0m
Block:
Created by miner # 2
Id: 0
Timestamp: 1666109559557
Magic number: 1272456545
Hash of the previous block:
0
Hash of the block:
b34fe78d593e536ff1e7863b7759d1c5dfa9ba5a667c95f2c408ff12cf0639b0
Block was generating for 0 seconds
N was increased to 1

Block:
Created by miner # 1
Id: 1
Timestamp: 1666109559576
Magic number: 961806809
Hash of the previous block:
b34fe78d593e536ff1e7863b7759d1c5dfa9ba5a667c95f2c408ff12cf0639b0
Hash of the block:
0eb70e4a40208c238149443dadccedc104d19f7fc1d03411edaa095a686ca34f
Block was generating for 0 seconds
N was increased to 2

Block:
Created by miner # 1
Id: 2
Timestamp: 1666109559586
Magic number: 658715536
Hash of the previous block:
0eb70e4a40208c238149443dadccedc104d19f7fc1d03411edaa095a686ca34f
Hash of the block:
00939e58576cb34628625c6f67c346bf18f274a4d7aec52a96d441b40ff4c6c5
Block was generating for 0 seconds
N was increased to 3

Block:
Created by miner # 1
Id: 3
Timestamp: 1666109559586
Magic number: 397445692
Hash of the previous block:
00939e58576cb34628625c6f67c346bf18f274a4d7aec52a96d441b40ff4c6c5
Hash of the block:
000548c236d229a4f762cac06cf7af3794f49a9a8461b553a00d2172c7182748
Block was generating for 0 seconds
N was increased to 4

Block:
Created by miner # 0
Id: 4
Timestamp: 1666109559834
Magic number: 8805719
Hash of the previous block:
000548c236d229a4f762cac06cf7af3794f49a9a8461b553a00d2172c7182748
Hash of the block:
00009df4a33904a0920982b2ced1233fc501533de6f5c18d75314956f93b78c2
Block was generating for 0 seconds
N was increased to 5

?[1;31m
Start test 2?[0m
Block:
Created by miner # 1
Id: 1
Timestamp: 1666109559576
Magic number: 961806809
Hash of the previous block:
b34fe78d593e536ff1e7863b7759d1c5dfa9ba5a667c95f2c408ff12cf0639b0
Hash of the block:
0eb70e4a40208c238149443dadccedc104d19f7fc1d03411edaa095a686ca34f
Block was generating for 0 seconds
N was increased to 2

Block:
Created by miner # 1
Id: 2
Timestamp: 1666109559586
Magic number: 658715536
Hash of the previous block:
0eb70e4a40208c238149443dadccedc104d19f7fc1d03411edaa095a686ca34f
Hash of the block:
00939e58576cb34628625c6f67c346bf18f274a4d7aec52a96d441b40ff4c6c5
Block was generating for 0 seconds
N was increased to 3

Block:
Created by miner # 1
Id: 3
Timestamp: 1666109559586
Magic number: 397445692
Hash of the previous block:
00939e58576cb34628625c6f67c346bf18f274a4d7aec52a96d441b40ff4c6c5
Hash of the block:
000548c236d229a4f762cac06cf7af3794f49a9a8461b553a00d2172c7182748
Block was generating for 0 seconds
N was increased to 4

Block:
Created by miner # 0
Id: 4
Timestamp: 1666109559834
Magic number: 8805719
Hash of the previous block:
000548c236d229a4f762cac06cf7af3794f49a9a8461b553a00d2172c7182748
Hash of the block:
00009df4a33904a0920982b2ced1233fc501533de6f5c18d75314956f93b78c2
Block was generating for 0 seconds
N was increased to 5

Block:
Created by miner # 3
Id: 5
Timestamp: 1666109569707
Magic number: 1260237346
Hash of the previous block:
00009df4a33904a0920982b2ced1233fc501533de6f5c18d75314956f93b78c2
Hash of the block:
00000ca139ed025a9065718cd861d740131a083f4d847fab18fdfcb4ff78c427
Block was generating for 0 seconds
N was increased to 6

]]></system-out>
  <system-err><![CDATA[]]></system-err>
</testsuite>
